TN:
SF:src\app.js
FN:44,write
FNF:1
FNH:1
FNDA:32,write
DA:1,1
DA:2,1
DA:3,1
DA:4,1
DA:5,1
DA:6,1
DA:7,1
DA:8,1
DA:9,1
DA:10,1
DA:11,1
DA:12,1
DA:13,1
DA:14,1
DA:15,1
DA:16,1
DA:17,1
DA:18,1
DA:19,32
DA:20,32
DA:21,32
DA:22,0
DA:23,0
DA:24,0
DA:25,0
DA:26,0
DA:27,0
DA:28,0
DA:29,0
DA:30,32
DA:31,32
DA:32,0
DA:33,0
DA:34,32
DA:35,32
DA:36,1
DA:37,1
DA:38,1
DA:39,1
DA:40,1
DA:41,1
DA:42,1
DA:43,1
DA:44,1
DA:45,1
DA:46,1
DA:47,1
DA:48,1
DA:49,1
DA:50,0
DA:51,0
DA:52,1
DA:53,1
DA:54,1
DA:55,1
DA:56,1
DA:57,1
DA:58,1
DA:59,1
DA:60,1
DA:61,1
DA:62,1
DA:63,1
DA:64,1
DA:65,1
DA:66,1
DA:67,1
DA:68,1
DA:69,1
DA:70,0
DA:71,1
DA:72,1
DA:73,1
LF:73
LH:60
BRDA:18,0,0,32
BRDA:21,1,0,0
BRDA:31,2,0,0
BRDA:44,3,0,32
BRDA:54,4,0,1
BRDA:62,5,0,1
BRF:6
BRH:4
end_of_record
TN:
SF:src\config\logger.js
FNF:0
FNH:0
DA:1,1
DA:2,1
DA:3,1
DA:4,1
DA:5,1
DA:6,1
DA:7,1
DA:8,1
DA:9,1
DA:10,1
DA:11,1
DA:12,1
DA:13,1
DA:14,1
DA:15,1
DA:16,1
DA:17,1
DA:18,1
DA:19,1
DA:20,1
DA:21,1
DA:22,1
DA:23,1
DA:24,1
DA:25,1
DA:26,1
DA:27,1
DA:28,1
LF:28
LH:28
BRF:0
BRH:0
end_of_record
TN:
SF:src\controllers\auth.controller.js
FN:8,signup
FN:52,signin
FN:96,signout
FNF:3
FNH:3
FNDA:4,signup
FNDA:4,signin
FNDA:1,signout
DA:1,1
DA:2,1
DA:3,1
DA:4,1
DA:5,1
DA:6,1
DA:7,1
DA:8,1
DA:9,4
DA:10,4
DA:11,4
DA:12,4
DA:13,2
DA:14,2
DA:15,2
DA:16,2
DA:17,2
DA:18,2
DA:19,2
DA:20,2
DA:21,2
DA:22,1
DA:23,1
DA:24,1
DA:25,1
DA:26,1
DA:27,1
DA:28,1
DA:29,1
DA:30,1
DA:31,1
DA:32,1
DA:33,1
DA:34,1
DA:35,1
DA:36,1
DA:37,1
DA:38,1
DA:39,1
DA:40,1
DA:41,1
DA:42,1
DA:43,1
DA:44,1
DA:45,1
DA:46,1
DA:47,0
DA:48,0
DA:49,0
DA:50,4
DA:51,1
DA:52,1
DA:53,4
DA:54,4
DA:55,4
DA:56,4
DA:57,1
DA:58,1
DA:59,1
DA:60,1
DA:61,1
DA:62,3
DA:63,3
DA:64,3
DA:65,3
DA:66,1
DA:67,1
DA:68,1
DA:69,1
DA:70,1
DA:71,1
DA:72,1
DA:73,1
DA:74,1
DA:75,1
DA:76,1
DA:77,1
DA:78,1
DA:79,1
DA:80,1
DA:81,1
DA:82,1
DA:83,1
DA:84,1
DA:85,4
DA:86,2
DA:87,2
DA:88,2
DA:89,2
DA:90,2
DA:91,0
DA:92,0
DA:93,0
DA:94,4
DA:95,1
DA:96,1
DA:97,1
DA:98,1
DA:99,1
DA:100,1
DA:101,1
DA:102,1
DA:103,0
DA:104,0
DA:105,0
DA:106,1
LF:106
LH:97
BRDA:8,0,0,4
BRDA:12,1,0,2
BRDA:21,2,0,1
BRDA:46,3,0,0
BRDA:52,4,0,4
BRDA:56,5,0,1
BRDA:61,6,0,3
BRDA:65,7,0,1
BRDA:85,8,0,2
BRDA:88,9,0,1
BRDA:90,10,0,0
BRDA:96,11,0,1
BRDA:102,12,0,0
BRF:13
BRH:10
end_of_record
TN:
SF:src\controllers\users.controller.js
FN:11,fetchAllUsers
FN:28,fetchUserById
FN:53,updateUser
FN:103,deleteUser
FNF:4
FNH:4
FNDA:2,fetchAllUsers
FNDA:3,fetchUserById
FNDA:7,updateUser
FNDA:5,deleteUser
DA:1,1
DA:2,1
DA:3,1
DA:4,1
DA:5,1
DA:6,1
DA:7,1
DA:8,1
DA:9,1
DA:10,1
DA:11,1
DA:12,2
DA:13,2
DA:14,2
DA:15,2
DA:16,2
DA:17,2
DA:18,2
DA:19,2
DA:20,2
DA:21,2
DA:22,2
DA:23,0
DA:24,0
DA:25,0
DA:26,2
DA:27,1
DA:28,1
DA:29,3
DA:30,3
DA:31,3
DA:32,1
DA:33,1
DA:34,1
DA:35,1
DA:36,1
DA:37,2
DA:38,2
DA:39,2
DA:40,2
DA:41,3
DA:42,1
DA:43,1
DA:44,1
DA:45,1
DA:46,1
DA:47,3
DA:48,0
DA:49,0
DA:50,0
DA:51,3
DA:52,1
DA:53,1
DA:54,7
DA:55,7
DA:56,7
DA:57,1
DA:58,1
DA:59,1
DA:60,1
DA:61,1
DA:62,6
DA:63,6
DA:64,7
DA:65,1
DA:66,1
DA:67,1
DA:68,1
DA:69,1
DA:70,5
DA:71,5
DA:72,5
DA:73,5
DA:74,7
DA:75,1
DA:76,1
DA:77,1
DA:78,1
DA:79,1
DA:80,4
DA:81,7
DA:82,1
DA:83,1
DA:84,1
DA:85,1
DA:86,1
DA:87,3
DA:88,3
DA:89,2
DA:90,2
DA:91,2
DA:92,7
DA:93,1
DA:94,1
DA:95,1
DA:96,1
DA:97,1
DA:98,0
DA:99,0
DA:100,0
DA:101,7
DA:102,1
DA:103,1
DA:104,5
DA:105,5
DA:106,5
DA:107,1
DA:108,1
DA:109,1
DA:110,1
DA:111,1
DA:112,4
DA:113,4
DA:114,4
DA:115,5
DA:116,1
DA:117,1
DA:118,1
DA:119,1
DA:120,1
DA:121,3
DA:122,3
DA:123,2
DA:124,2
DA:125,2
DA:126,5
DA:127,1
DA:128,1
DA:129,1
DA:130,1
DA:131,1
DA:132,0
DA:133,0
DA:134,0
DA:135,5
LF:135
LH:123
BRDA:11,0,0,2
BRDA:22,1,0,0
BRDA:28,2,0,3
BRDA:31,3,0,1
BRDA:36,4,0,2
BRDA:41,5,0,1
BRDA:47,6,0,0
BRDA:53,7,0,7
BRDA:56,8,0,1
BRDA:61,9,0,6
BRDA:64,10,0,1
BRDA:69,11,0,5
BRDA:74,12,0,3
BRDA:74,13,0,1
BRDA:79,14,0,4
BRDA:81,15,0,2
BRDA:81,16,0,1
BRDA:86,17,0,3
BRDA:88,18,0,2
BRDA:92,19,0,1
BRDA:97,20,0,0
BRDA:103,21,0,5
BRDA:106,22,0,1
BRDA:111,23,0,4
BRDA:115,24,0,3
BRDA:115,25,0,1
BRDA:120,26,0,3
BRDA:122,27,0,2
BRDA:126,28,0,1
BRDA:131,29,0,0
BRF:30
BRH:26
end_of_record
TN:
SF:src\middleware\auth.middleware.js
FN:5,authenticate
FNF:1
FNH:1
FNDA:21,authenticate
DA:1,1
DA:2,1
DA:3,1
DA:4,1
DA:5,1
DA:6,21
DA:7,21
DA:8,21
DA:9,21
DA:10,21
DA:11,21
DA:12,21
DA:13,4
DA:14,4
DA:15,4
DA:16,4
DA:17,17
DA:18,17
DA:19,17
DA:20,17
DA:21,21
DA:22,0
DA:23,0
DA:24,0
DA:25,0
DA:26,0
DA:27,21
DA:28,1
DA:29,1
LF:29
LH:24
BRDA:5,0,0,21
BRDA:9,1,0,17
BRDA:9,2,0,17
BRDA:9,3,0,4
BRDA:10,4,0,4
BRDA:12,5,0,4
BRDA:16,6,0,17
BRDA:21,7,0,0
BRF:8
BRH:7
end_of_record
TN:
SF:src\middleware\security.middleware.js
FN:5,securityMiddleware
FNF:1
FNH:1
FNDA:32,securityMiddleware
DA:1,1
DA:2,1
DA:3,1
DA:4,1
DA:5,1
DA:6,32
DA:7,32
DA:8,32
DA:9,32
DA:10,32
DA:11,32
DA:12,32
DA:13,32
DA:14,0
DA:15,0
DA:16,0
DA:17,0
DA:18,32
DA:19,0
DA:20,0
DA:21,0
DA:22,0
DA:23,32
DA:24,32
DA:25,32
DA:26,32
DA:27,32
DA:28,32
DA:29,0
DA:30,0
DA:31,32
DA:32,32
DA:33,32
DA:34,32
DA:35,32
DA:36,32
DA:37,32
DA:38,32
DA:39,32
DA:40,32
DA:41,32
DA:42,32
DA:43,32
DA:44,32
DA:45,0
DA:46,0
DA:47,0
DA:48,0
DA:49,0
DA:50,0
DA:51,0
DA:52,0
DA:53,0
DA:54,32
DA:55,32
DA:56,0
DA:57,0
DA:58,0
DA:59,0
DA:60,0
DA:61,0
DA:62,0
DA:63,0
DA:64,0
DA:65,0
DA:66,0
DA:67,32
DA:68,32
DA:69,0
DA:70,0
DA:71,0
DA:72,0
DA:73,0
DA:74,0
DA:75,0
DA:76,0
DA:77,0
DA:78,0
DA:79,0
DA:80,32
DA:81,32
DA:82,32
DA:83,0
DA:84,0
DA:85,0
DA:86,0
DA:87,0
DA:88,0
DA:89,32
DA:90,1
DA:91,1
LF:91
LH:44
BRDA:5,0,0,32
BRDA:7,1,0,0
BRDA:13,2,0,0
BRDA:18,3,0,0
BRDA:28,4,0,0
BRDA:44,5,0,0
BRDA:44,6,0,0
BRDA:55,7,0,0
BRDA:55,8,0,0
BRDA:68,9,0,0
BRDA:68,10,0,0
BRDA:82,11,0,0
BRF:12
BRH:1
end_of_record
TN:
SF:src\routes\auth.routes.js
FNF:0
FNH:0
DA:1,1
DA:2,1
DA:3,1
DA:4,1
DA:5,1
DA:6,1
DA:7,1
DA:8,1
DA:9,1
DA:10,1
LF:10
LH:10
BRF:0
BRH:0
end_of_record
TN:
SF:src\routes\users.routes.js
FNF:0
FNH:0
DA:1,1
DA:2,1
DA:3,1
DA:4,1
DA:5,1
DA:6,1
DA:7,1
DA:8,1
DA:9,1
DA:10,1
DA:11,1
DA:12,1
DA:13,1
DA:14,1
DA:15,1
DA:16,1
DA:17,1
LF:17
LH:17
BRF:0
BRH:0
end_of_record
TN:
SF:src\utils\cookies.js
FN:2,getOptions
FN:9,set
FN:13,clear
FN:17,get
FNF:4
FNH:4
FNDA:3,getOptions
FNDA:2,set
FNDA:1,clear
FNDA:4,get
DA:1,1
DA:2,1
DA:3,3
DA:4,3
DA:5,3
DA:6,3
DA:7,1
DA:8,1
DA:9,1
DA:10,2
DA:11,1
DA:12,1
DA:13,1
DA:14,1
DA:15,1
DA:16,1
DA:17,1
DA:18,4
DA:19,4
DA:20,1
LF:20
LH:20
BRDA:2,0,0,3
BRDA:9,1,0,2
BRDA:13,2,0,1
BRDA:17,3,0,4
BRF:4
BRH:4
end_of_record
TN:
SF:src\utils\format.js
FN:1,formatValidationErrors
FNF:1
FNH:1
FNDA:7,formatValidationErrors
DA:1,1
DA:2,7
DA:3,7
DA:4,7
DA:5,7
DA:6,0
DA:7,0
DA:8,0
DA:9,1
DA:10,1
LF:10
LH:7
BRDA:1,0,0,7
BRDA:2,1,0,0
BRDA:5,2,0,0
BRDA:5,3,0,8
BRF:4
BRH:2
end_of_record
TN:
SF:src\utils\jwt.js
FN:9,sign
FN:17,verify
FNF:2
FNH:2
FNDA:2,sign
FNDA:17,verify
DA:1,1
DA:2,1
DA:3,1
DA:4,1
DA:5,1
DA:6,1
DA:7,1
DA:8,1
DA:9,1
DA:10,2
DA:11,2
DA:12,2
DA:13,0
DA:14,0
DA:15,0
DA:16,1
DA:17,1
DA:18,17
DA:19,17
DA:20,17
DA:21,0
DA:22,0
DA:23,0
DA:24,17
DA:25,1
LF:25
LH:19
BRDA:9,0,0,2
BRDA:12,1,0,0
BRDA:17,2,0,17
BRDA:20,3,0,0
BRF:4
BRH:2
end_of_record
TN:
SF:src\validations\auth.validations.js
FNF:0
FNH:0
DA:1,1
DA:2,1
DA:3,1
DA:4,1
DA:5,1
DA:6,1
DA:7,1
DA:8,1
DA:9,1
DA:10,1
DA:11,1
DA:12,1
DA:13,1
LF:13
LH:13
BRF:0
BRH:0
end_of_record
TN:
SF:src\validations\users.validations.js
FN:14,z.object.refine.message
FNF:1
FNH:1
FNDA:6,z.object.refine.message
DA:1,1
DA:2,1
DA:3,1
DA:4,1
DA:5,1
DA:6,1
DA:7,1
DA:8,1
DA:9,1
DA:10,1
DA:11,1
DA:12,1
DA:13,1
DA:14,1
DA:15,1
DA:16,1
LF:16
LH:16
BRDA:14,0,0,6
BRF:1
BRH:1
end_of_record
